<?xml version="1.0" encoding="UTF-8"?>
<!-- Generated by org.testng.reporters.JUnitReportReporter -->
<testsuite skipped="0" hostname="Thinh" name="rahulshettyacademy.tests.StandAloneTest" tests="1" failures="0" timestamp="12 Feb 2023 13:36:54 GMT" time="16.712" errors="0">
  <testcase name="main" time="16.712" classname="rahulshettyacademy.tests.StandAloneTest"/>
</testsuite> <!-- rahulshettyacademy.tests.StandAloneTest -->
