<?xml version="1.0" encoding="UTF-8"?>
<!-- Generated by org.testng.reporters.JUnitReportReporter -->
<testsuite skipped="2" hostname="Thinh" name="rahulshettyacademy.tests.SubmitOrderTest" tests="2" failures="0" timestamp="10 Mar 2023 14:21:24 GMT" time="0.000" errors="0">
  <testcase name="submitOrder" time="0.000" classname="rahulshettyacademy.tests.SubmitOrderTest">
    <skipped/>
  </testcase> <!-- submitOrder -->
  <testcase name="OrderHistoryTest" time="0.000" classname="rahulshettyacademy.tests.SubmitOrderTest">
    <skipped/>
  </testcase> <!-- OrderHistoryTest -->
</testsuite> <!-- rahulshettyacademy.tests.SubmitOrderTest -->
